\BOOKMARK [1][-]{section.1}{Halmazok, halmazmuveletek. Nevezetes ponthalmazok a s\355kban \351s a t\351rben}{}% 1
\BOOKMARK [2][-]{subsection.1.1}{Halmazok, r\351szhalmazok}{section.1}% 2
\BOOKMARK [2][-]{subsection.1.2}{Halmazmuveletek}{section.1}% 3
\BOOKMARK [2][-]{subsection.1.3}{Nevezetes ponthalmazok a s\355kban \351s a t\351rben}{section.1}% 4
\BOOKMARK [2][-]{subsection.1.4}{Egy\351b ponthalmazok}{section.1}% 5
\BOOKMARK [2][-]{subsection.1.5}{Alkalmaz\341sok}{section.1}% 6
\BOOKMARK [1][-]{section.2}{Racion\341lis \351s irracion\341lis sz\341mok. Muveletek a racion\341lis \351s irracion\341lis sz\341mok halmaz\341n. K\366z\366ns\351ges \351s tizedes t\366rtek. Halmazok sz\341moss\341ga}{}% 7
\BOOKMARK [2][-]{subsection.2.1}{Sz\341mhalmazok}{section.2}% 8
\BOOKMARK [2][-]{subsection.2.2}{Muveletek a racion\341lis sz\341mok halmaz\341n}{section.2}% 9
\BOOKMARK [2][-]{subsection.2.3}{Muveletek az irracion\341lis sz\341mok halmaz\341n}{section.2}% 10
\BOOKMARK [2][-]{subsection.2.4}{Muveleti tulajdons\341gok a, b, c R eset\351n}{section.2}% 11
\BOOKMARK [2][-]{subsection.2.5}{K\366z\366ns\351ges \351s tizedes t\366rtek}{section.2}% 12
\BOOKMARK [2][-]{subsection.2.6}{Halmazok sz\341moss\341ga}{section.2}% 13
\BOOKMARK [2][-]{subsection.2.7}{Alkalmaz\341sok}{section.2}% 14
\BOOKMARK [1][-]{section.3}{Oszthat\363s\341g, oszthat\363s\341gi szab\341lyok \351s t\351telek. Pr\355msz\341mok. Sz\341mrendszerek}{}% 15
\BOOKMARK [2][-]{subsection.3.1}{Oszthat\363s\341g}{section.3}% 16
\BOOKMARK [2][-]{subsection.3.2}{Pr\355msz\341m, \366sszetett sz\341m, sz\341melm\351let alapt\351tele, oszt\363k sz\341ma}{section.3}% 17
\BOOKMARK [2][-]{subsection.3.3}{Sz\341mrendszerek}{section.3}% 18
\BOOKMARK [2][-]{subsection.3.4}{Alkalmaz\341sok}{section.3}% 19
\BOOKMARK [1][-]{section.4}{A matematikai logika elemei. Logikai muveletek. \301ll\355t\341s \351s megford\355t\341sa, sz\374ks\351ges \351s el\351gs\351ges felt\351telek, bemutat\341suk t\351telek megfogalmaz\341s\341ban \351s bizony\355t\341s\341ban}{}% 20
\BOOKMARK [2][-]{subsection.4.1}{A matematikai logika fogalma}{section.4}% 21
\BOOKMARK [2][-]{subsection.4.2}{Logikai muveletek}{section.4}% 22
\BOOKMARK [2][-]{subsection.4.3}{\301ll\355t\341s \351s megford\355t\341sa, sz\374ks\351ges \351s el\351gs\351ges felt\351tel}{section.4}% 23
\BOOKMARK [2][-]{subsection.4.4}{Alkalmaz\341sok}{section.4}% 24
\BOOKMARK [1][-]{section.5}{Hatv\341nyoz\341s, hatv\341nyfogalom kiterjeszt\351se, a hatv\341nyoz\341s azonoss\341gai. Az n-edik gy\366k fogalma. A n\351gyzetgy\366k azonoss\341gai. Hatv\341nyf\374ggv\351nyek \351s a n\351gyzetgy\366kf\374ggv\351ny}{}% 25
\BOOKMARK [2][-]{subsection.5.1}{Pozit\355v eg\351sz kitevoju hatv\341nyok}{section.5}% 26
\BOOKMARK [2][-]{subsection.5.2}{Permanenciaelv}{section.5}% 27
\BOOKMARK [2][-]{subsection.5.3}{A hatv\341nyoz\341s kiterjeszt\351se}{section.5}% 28
\BOOKMARK [2][-]{subsection.5.4}{Az n-edik gy\366k fogalma}{section.5}% 29
\BOOKMARK [2][-]{subsection.5.5}{N\351gyzetgy\366kvon\341s azonoss\341gai}{section.5}% 30
\BOOKMARK [2][-]{subsection.5.6}{Hatv\341nyf\374ggv\351nyek \351s azok tulajdons\341gai}{section.5}% 31
\BOOKMARK [2][-]{subsection.5.7}{N\351gyzetgy\366kf\374ggv\351ny \351s tulajdons\341gai}{section.5}% 32
\BOOKMARK [2][-]{subsection.5.8}{Alkalmaz\341sok}{section.5}% 33
\BOOKMARK [1][-]{section.6}{A logaritmus fogalma \351s azonoss\341gai. Az exponenci\341lis \351s a logaritmusf\374ggv\351ny. Az inverzf\374ggv\351ny}{}% 34
\BOOKMARK [2][-]{subsection.6.1}{A logaritmus defin\355ci\363ja}{section.6}% 35
\BOOKMARK [2][-]{subsection.6.2}{Logaritmus azonoss\341gai}{section.6}% 36
\BOOKMARK [2][-]{subsection.6.3}{Exponenci\341lis f\374ggv\351ny}{section.6}% 37
\BOOKMARK [2][-]{subsection.6.4}{Logaritmusf\374ggv\351ny}{section.6}% 38
\BOOKMARK [2][-]{subsection.6.5}{Inverzf\374ggv\351ny}{section.6}% 39
\BOOKMARK [2][-]{subsection.6.6}{Alkalmaz\341sok}{section.6}% 40
\BOOKMARK [1][-]{section.7}{M\341sodfok\372 egyenletek \351s egyenlotlens\351gek. M\341sodfok\372ra visszavezetheto egyenletek. Egyenletek ekvivalenci\341ja, gy\366kveszt\351s, hamis gy\366k, ellenorz\351s}{}% 41
\BOOKMARK [2][-]{subsection.7.1}{Egyenlet}{section.7}% 42
\BOOKMARK [2][-]{subsection.7.2}{M\341sodfok\372 egyismeretlenes egyenlet}{section.7}% 43
\BOOKMARK [2][-]{subsection.7.3}{M\341sodfok\372 egyenlotlens\351gek megold\341sa}{section.7}% 44
\BOOKMARK [2][-]{subsection.7.4}{\332j ismeretlen bevezet\351s\351vel m\341sodfok\372ra visszavezetheto egyenletek}{section.7}% 45
\BOOKMARK [2][-]{subsection.7.5}{Egyenletek ekvivalenci\341ja \(egyen\351rt\351kus\351ge\)}{section.7}% 46
\BOOKMARK [2][-]{subsection.7.6}{Gy\366kveszt\351s}{section.7}% 47
\BOOKMARK [2][-]{subsection.7.7}{Hamis gy\366k}{section.7}% 48
\BOOKMARK [2][-]{subsection.7.8}{Ellenorz\351s}{section.7}% 49
\BOOKMARK [2][-]{subsection.7.9}{Alkalmaz\341sok}{section.7}% 50
\BOOKMARK [1][-]{section.8}{A le\355r\363 statisztika jellemzoi, diagramok. Nevezetes k\366z\351p\351rt\351kek}{}% 51
\BOOKMARK [2][-]{subsection.8.1}{Adatsokas\341gok jellemzoi}{section.8}% 52
\BOOKMARK [2][-]{subsection.8.2}{A le\355r\363 statisztika jellemzoi}{section.8}% 53
\BOOKMARK [2][-]{subsection.8.3}{Diagramok}{section.8}% 54
\BOOKMARK [2][-]{subsection.8.4}{Statisztikai mutat\363k}{section.8}% 55
\BOOKMARK [2][-]{subsection.8.5}{Pozit\355v sz\341mok nevezetes k\366z\351p\351rt\351kei}{section.8}% 56
\BOOKMARK [2][-]{subsection.8.6}{Nevezetes k\366z\351p\351rt\351kek alkalmaz\341sa sz\351lso\351rt\351k-feladatokban}{section.8}% 57
\BOOKMARK [2][-]{subsection.8.7}{Alkalmaz\341sok}{section.8}% 58
\BOOKMARK [1][-]{section.9}{F\374ggv\351nytani alapismeretek, f\374ggv\351nyek tulajdons\341gai, hat\341r\351rt\351k, folytonoss\341g. Sz\341msorozatok. A sz\341mtani sorozat, az elso n tag \366sszege}{}% 59
\BOOKMARK [2][-]{subsection.9.1}{F\374ggv\351ny fogalma, \351rtelmez\351si tartom\341ny, \351rt\351kk\351szlet}{section.9}% 60
\BOOKMARK [2][-]{subsection.9.2}{F\374ggv\351nytulajdons\341gok}{section.9}% 61
\BOOKMARK [2][-]{subsection.9.3}{Sz\341msorozat}{section.9}% 62
\BOOKMARK [2][-]{subsection.9.4}{Sorozatok tulajdons\341gai}{section.9}% 63
\BOOKMARK [2][-]{subsection.9.5}{Sz\341mtani sorozat}{section.9}% 64
\BOOKMARK [2][-]{subsection.9.6}{Alkalmaz\341sok}{section.9}% 65
\BOOKMARK [1][-]{section.10}{M\351rtani sorozat, az elso n tag \366sszege, v\351gtelen m\351rtani sor. Kamatsz\341m\355t\341s, gyujtoj\341rad\351k, t\366rlesztor\351szlet. Exponenci\341lis folyamatok a t\341rsadalomban \351s a term\351szetben}{}% 66
\BOOKMARK [2][-]{subsection.10.1}{M\351rtani sorozat, a sorozat \341ltal\341nos tagja, az elso n tag \366sszege}{section.10}% 67
\BOOKMARK [2][-]{subsection.10.2}{V\351gtelen m\351rtani sor}{section.10}% 68
\BOOKMARK [2][-]{subsection.10.3}{Kamatsz\341m\355t\341s}{section.10}% 69
\BOOKMARK [2][-]{subsection.10.4}{Gyujtoj\341rad\351k}{section.10}% 70
\BOOKMARK [2][-]{subsection.10.5}{T\366rlesztor\351szlet}{section.10}% 71
\BOOKMARK [2][-]{subsection.10.6}{Exponenci\341lis folyamatok a t\341rsadalomban \351s a term\351szetben}{section.10}% 72
\BOOKMARK [2][-]{subsection.10.7}{Alkalmaz\341sok}{section.10}% 73
\BOOKMARK [1][-]{section.11}{A differenci\341lh\341nyados fogalma, deriv\341l\341si szab\341lyok. A differenci\341lsz\341m\355t\341s alkalmaz\341sai \(\351rinto, f\374ggv\351nyvizsg\341lat, sz\351lso\351rt\351kfeladatok\)}{}% 74
\BOOKMARK [2][-]{subsection.11.1}{F\374ggv\351ny fogalma, \351rtelmez\351si tartom\341ny, \351rt\351kk\351szlet}{section.11}% 75
\BOOKMARK [2][-]{subsection.11.2}{Differenci\341lh\341nyados}{section.11}% 76
\BOOKMARK [2][-]{subsection.11.3}{Deriv\341l\341si szab\341lyok}{section.11}% 77
\BOOKMARK [2][-]{subsection.11.4}{A differenci\341lsz\341m\355t\341s alkalmaz\341sai}{section.11}% 78
\BOOKMARK [2][-]{subsection.11.5}{Alkalmaz\341sok}{section.11}% 79
\BOOKMARK [1][-]{section.12}{Der\351ksz\366gu h\341romsz\366gekre vonatkoz\363 t\351telek. A hegyessz\366gek sz\366gf\374ggv\351nyei. \326sszef\374gg\351sek a hegyessz\366gek sz\366gf\374ggv\351nyei k\366z\366tt. A sz\366gf\374ggv\351nyek \341ltal\341nos\355t\341sa}{}% 80
\BOOKMARK [2][-]{subsection.12.1}{Der\351ksz\366gu h\341romsz\366gekre vonatkoz\363 t\351telek}{section.12}% 81
\BOOKMARK [2][-]{subsection.12.2}{Hegyessz\366gek sz\366gf\374ggv\351nyeinek defin\355ci\363ja}{section.12}% 82
\BOOKMARK [2][-]{subsection.12.3}{\326sszef\374gg\351sek a hegyessz\366gek sz\366gf\374ggv\351nyei k\366z\366tt}{section.12}% 83
\BOOKMARK [2][-]{subsection.12.4}{Sz\366gf\374ggv\351nyek \341ltal\341nos\355t\341sa}{section.12}% 84
\BOOKMARK [2][-]{subsection.12.5}{Kapcsolatok egyazon sz\366g sz\366gf\374ggv\351nyei k\366z\366tt}{section.12}% 85
\BOOKMARK [2][-]{subsection.12.6}{Alkalmaz\341sok}{section.12}% 86
\BOOKMARK [1][-]{section.13}{H\341romsz\366gek nevezetes vonalai, pontjai \351s k\366rei}{}% 87
\BOOKMARK [2][-]{subsection.13.1}{Oldalfelezo merolegesek, a h\341romsz\366g k\366r\351 \355rt k\366r k\366z\351ppontja}{section.13}% 88
\BOOKMARK [2][-]{subsection.13.2}{Sz\366gfelezok, h\341romsz\366gbe, illetve h\341romsz\366gh\366z \355rt k\366r k\366z\351ppontja}{section.13}% 89
\BOOKMARK [2][-]{subsection.13.3}{Magass\341gvonalak, a h\341romsz\366g magass\341gpontja}{section.13}% 90
\BOOKMARK [2][-]{subsection.13.4}{S\372lyvonalak, a h\341romsz\366g s\372lypontja}{section.13}% 91
\BOOKMARK [2][-]{subsection.13.5}{K\366z\351pvonalak}{section.13}% 92
\BOOKMARK [2][-]{subsection.13.6}{Euler-egyenes, Feuerbach-k\366r}{section.13}% 93
\BOOKMARK [2][-]{subsection.13.7}{Alkalmaz\341sok}{section.13}% 94
\BOOKMARK [1][-]{section.14}{\326sszef\374gg\351sek az \341ltal\341nos h\341romsz\366gek oldalai k\366z\366tt, sz\366gei k\366z\366tt, oldalai \351s sz\366gei k\366z\366tt}{}% 95
\BOOKMARK [2][-]{subsection.14.1}{H\341romsz\366gek csoportos\355t\341sa sz\366geik \351s oldalaik szerint}{section.14}% 96
\BOOKMARK [2][-]{subsection.14.2}{\326sszef\374gg\351sek a h\341romsz\366g oldalai k\366zt}{section.14}% 97
\BOOKMARK [2][-]{subsection.14.3}{\326sszef\374gg\351sek a h\341romsz\366g sz\366gei k\366zt}{section.14}% 98
\BOOKMARK [2][-]{subsection.14.4}{\326sszef\374gg\351sek a h\341romsz\366g oldalai \351s sz\366gei k\366z\366tt}{section.14}% 99
\BOOKMARK [2][-]{subsection.14.5}{Alkalmaz\341sok}{section.14}% 100
\BOOKMARK [1][-]{section.15}{Egybev\341g\363s\341gi transzform\341ci\363k, alakzatok egybev\341g\363s\341ga. Szimmetria. Hasonl\363s\341gi transzform\341ci\363k. Hasonl\363 s\355kidomok ker\374lete, ter\374lete, hasonl\363 testek felsz\355ne, t\351rfogata. A hasonl\363s\341g alkalmaz\341sai s\355kgeometriai t\351telek bizony\355t\341s\341ban}{}% 101
\BOOKMARK [2][-]{subsection.15.1}{Transzform\341ci\363k}{section.15}% 102
\BOOKMARK [2][-]{subsection.15.2}{Alakzatok egybev\341g\363s\341ga \(h\341romsz\366gek, soksz\366gek\)}{section.15}% 103
\BOOKMARK [2][-]{subsection.15.3}{Szimmetria}{section.15}% 104
\BOOKMARK [2][-]{subsection.15.4}{Hasonl\363s\341gi transzform\341ci\363: k\366z\351ppontos hasonl\363s\341g}{section.15}% 105
\BOOKMARK [2][-]{subsection.15.5}{Alakzatok hasonl\363s\341ga \(h\341romsz\366gek, soksz\366gek\)}{section.15}% 106
\BOOKMARK [2][-]{subsection.15.6}{Transzform\341ci\363k fobb tulajdons\341gai}{section.15}% 107
\BOOKMARK [2][-]{subsection.15.7}{Hasonl\363 s\355kidomok ker\374lete, ter\374lete, hasonl\363 testek felsz\355ne, t\351rfogata}{section.15}% 108
\BOOKMARK [2][-]{subsection.15.8}{Hasonl\363s\341g alkalmaz\341sa s\355kgeometriai t\351telek bizony\355t\341s\341ban: h\341romsz\366gekre vonatkoz\363 t\351telekben}{section.15}% 109
\BOOKMARK [2][-]{subsection.15.9}{Alkalmaz\341sok}{section.15}% 110
\BOOKMARK [1][-]{section.16}{Konvex soksz\366gek tulajdons\341gai. Szab\341lyos soksz\366gek. Gr\341fok}{}% 111
\BOOKMARK [2][-]{subsection.16.1}{Konvex soksz\366gek tulajdons\341gai}{section.16}% 112
\BOOKMARK [2][-]{subsection.16.2}{Szab\341lyos soksz\366gek}{section.16}% 113
\BOOKMARK [2][-]{subsection.16.3}{Gr\341fok}{section.16}% 114
\BOOKMARK [2][-]{subsection.16.4}{Alkalmaz\341sok}{section.16}% 115
\BOOKMARK [1][-]{section.17}{A k\366r \351s r\351szei. Ker\374leti sz\366g, k\366z\351pponti sz\366g, l\341t\363sz\366g. H\372rn\351gysz\366gek, \351rinton\351gysz\366gek}{}% 116
\BOOKMARK [2][-]{subsection.17.1}{K\366r \351s r\351szei}{section.17}% 117
\BOOKMARK [2][-]{subsection.17.2}{K\366z\351pponti \351s ker\374leti sz\366gek}{section.17}% 118
\BOOKMARK [2][-]{subsection.17.3}{H\372rn\351gysz\366g}{section.17}% 119
\BOOKMARK [2][-]{subsection.17.4}{\311rinton\351gysz\366g}{section.17}% 120
\BOOKMARK [2][-]{subsection.17.5}{Alkalmaz\341sok}{section.17}% 121
\BOOKMARK [1][-]{section.18}{Vektorok, vektormuveletek. Vektorfelbont\341si t\351tel. Vektorok koordin\341t\341i. Skal\341ris szorzat}{}% 122
\BOOKMARK [2][-]{subsection.18.1}{Vektor}{section.18}% 123
\BOOKMARK [2][-]{subsection.18.2}{Vektormuveletek}{section.18}% 124
\BOOKMARK [2][-]{subsection.18.3}{Vektorok felbont\341sa}{section.18}% 125
\BOOKMARK [2][-]{subsection.18.4}{Vektorok koordin\341t\341i}{section.18}% 126
\BOOKMARK [2][-]{subsection.18.5}{Skal\341ris szorzat}{section.18}% 127
\BOOKMARK [2][-]{subsection.18.6}{Alkalmaz\341sok}{section.18}% 128
\BOOKMARK [1][-]{section.19}{Szakaszok \351s egyenesek a koordin\341tas\355kon. P\341rhuzamos \351s meroleges egyenesek. Elsofok\372 egyenlotlens\351gek, egyenletrendszerek grafikus megold\341sa}{}% 129
\BOOKMARK [2][-]{subsection.19.1}{Szakaszok a koordin\341tas\355kon: szakasz hossza, oszt\363pontok}{section.19}% 130
\BOOKMARK [2][-]{subsection.19.2}{Egyenest meghat\341roz\363 adatok}{section.19}% 131
\BOOKMARK [2][-]{subsection.19.3}{Az egyenes egyenletei}{section.19}% 132
\BOOKMARK [2][-]{subsection.19.4}{Egyenesek p\341rhuzamoss\341g\341nak \351s merolegess\351g\351nek felt\351telei}{section.19}% 133
\BOOKMARK [2][-]{subsection.19.5}{Kapcsolat a line\341ris f\374ggv\351nyek grafikonja \351s az egyenesek k\366z\366tt}{section.19}% 134
\BOOKMARK [2][-]{subsection.19.6}{Elsofok\372 egyenlotlens\351gek grafikus megold\341sa}{section.19}% 135
\BOOKMARK [2][-]{subsection.19.7}{Elsofok\372 egyenletrendszerek grafikus megold\341sa}{section.19}% 136
\BOOKMARK [2][-]{subsection.19.8}{Alkalmaz\341sok}{section.19}% 137
\BOOKMARK [1][-]{section.20}{A k\366r \351s a parabola elemi \372ton \351s a koordin\341tas\355kon. K\366r \351s egyenes, parabola \351s egyenes k\366lcs\366n\366s helyzete. M\341sodfok\372 egyenlotlens\351gek grafikus megold\341sa}{}% 138
\BOOKMARK [2][-]{subsection.20.1}{K\366r \351s egyenlete}{section.20}% 139
\BOOKMARK [2][-]{subsection.20.2}{Parabola \351s egyenletei}{section.20}% 140
\BOOKMARK [2][-]{subsection.20.3}{K\366r \351s egyenes k\366lcs\366n\366s helyzete}{section.20}% 141
\BOOKMARK [2][-]{subsection.20.4}{Parabola \351s egyenes k\366lcs\366n\366s helyzete}{section.20}% 142
\BOOKMARK [2][-]{subsection.20.5}{M\341sodfok\372 egyenlotlens\351gek}{section.20}% 143
\BOOKMARK [2][-]{subsection.20.6}{Alkalmaz\341sok}{section.20}% 144
\BOOKMARK [1][-]{section.21}{T\351relemek t\341vols\341ga \351s sz\366ge. T\351rbeli alakzatok. Felsz\355n- \351s t\351rfogatsz\341m\355t\341s}{}% 145
\BOOKMARK [2][-]{subsection.21.1}{T\351relemek}{section.21}% 146
\BOOKMARK [2][-]{subsection.21.2}{T\351rbeli alakzatok}{section.21}% 147
\BOOKMARK [2][-]{subsection.21.3}{Testek felsz\355ne}{section.21}% 148
\BOOKMARK [2][-]{subsection.21.4}{Testek t\351rfogata}{section.21}% 149
\BOOKMARK [2][-]{subsection.21.5}{Testek felsz\355ne \351s t\351rfogata}{section.21}% 150
\BOOKMARK [2][-]{subsection.21.6}{Alkalmaz\341sok}{section.21}% 151
\BOOKMARK [1][-]{section.22}{Ter\374letsz\341m\355t\341s elemi \372ton \351s az integr\341lsz\341m\355t\341s felhaszn\341l\341s\341val}{}% 152
\BOOKMARK [2][-]{subsection.22.1}{Ter\374letsz\341m\355t\341s}{section.22}% 153
\BOOKMARK [2][-]{subsection.22.2}{S\355kidomok ter\374lete}{section.22}% 154
\BOOKMARK [2][-]{subsection.22.3}{Hat\341rozott integr\341l}{section.22}% 155
\BOOKMARK [2][-]{subsection.22.4}{G\366rbe alatti ter\374let}{section.22}% 156
\BOOKMARK [2][-]{subsection.22.5}{Alkalmaz\341sok}{section.22}% 157
\BOOKMARK [1][-]{section.23}{Kombin\341ci\363k. Binomi\341lis t\351tel, a Pascal-h\341romsz\366g. A val\363sz\355nus\351g kisz\341m\355t\341s\341nak kombinatorikus modellje. A hipergeometrikus eloszl\341s}{}% 158
\BOOKMARK [2][-]{subsection.23.1}{Kombin\341ci\363k \(ism\351tl\351s n\351lk\374li, ism\351tl\351ses\)}{section.23}% 159
\BOOKMARK [2][-]{subsection.23.2}{Binomi\341lis t\351tel}{section.23}% 160
\BOOKMARK [2][-]{subsection.23.3}{Esem\351nyek}{section.23}% 161
\BOOKMARK [2][-]{subsection.23.4}{Muveletek esem\351nyekkel}{section.23}% 162
\BOOKMARK [2][-]{subsection.23.5}{A val\363sz\355nus\351g-sz\341m\355t\341s alapjai}{section.23}% 163
\BOOKMARK [2][-]{subsection.23.6}{Diszkr\351t eloszl\341sok}{section.23}% 164
\BOOKMARK [2][-]{subsection.23.7}{Alkalmaz\341sok}{section.23}% 165
\BOOKMARK [1][-]{section.24}{Permut\341ci\363k, vari\341ci\363k. A binomi\341lis eloszl\341s. A val\363sz\355nus\351g kisz\341m\355t\341s\341nak geometriai modellje}{}% 166
\BOOKMARK [2][-]{subsection.24.1}{Permut\341ci\363k}{section.24}% 167
\BOOKMARK [2][-]{subsection.24.2}{Vari\341ci\363k}{section.24}% 168
\BOOKMARK [2][-]{subsection.24.3}{A val\363sz\355nus\351gsz\341m\355t\341s alapjai}{section.24}% 169
\BOOKMARK [2][-]{subsection.24.4}{Diszkr\351t eloszl\341sok}{section.24}% 170
\BOOKMARK [2][-]{subsection.24.5}{A val\363sz\355nus\351g kisz\341m\355t\341s\341nak geometriai modellje}{section.24}% 171
\BOOKMARK [2][-]{subsection.24.6}{Alkalmaz\341sok}{section.24}% 172
\BOOKMARK [1][-]{section.25}{Bizony\355t\341si m\363dszerek \351s bemutat\341suk t\351telek bizony\355t\341s\341ban}{}% 173
\BOOKMARK [2][-]{subsection.25.1}{Bizony\355t\341sok a matematik\341ban}{section.25}% 174
\BOOKMARK [2][-]{subsection.25.2}{Direkt bizony\355t\341s}{section.25}% 175
\BOOKMARK [2][-]{subsection.25.3}{Indirekt bizony\355t\341s}{section.25}% 176
\BOOKMARK [2][-]{subsection.25.4}{Bizony\355t\341s teljes indukci\363val}{section.25}% 177
\BOOKMARK [2][-]{subsection.25.5}{Bizony\355t\341s skatulyaelvvel}{section.25}% 178
\BOOKMARK [2][-]{subsection.25.6}{Alkalmaz\341sok}{section.25}% 179
